<?xml version="1.0" encoding="UTF-8"?>
<testsuite xmlns:xsi="http://www.w3.org/2001/XMLSchema-instance" xsi:noNamespaceSchemaLocation="https://maven.apache.org/surefire/maven-surefire-plugin/xsd/surefire-test-report-3.0.xsd" version="3.0" name="com.example.location.LocationApplicationTests" time="20.726" tests="1" errors="0" skipped="0" failures="0">
  <properties>
[...]
</properties>
  <testcase name="contextLoads" classname="com.example.location.LocationApplicationTests" time="2.058">
    <system-out><![CDATA[15:04:41.303 [main] INFO org.springframework.test.context.support.AnnotationConfigContextLoaderUtils -- Could not detect default configuration classes for test class [com.example.location.LocationApplicationTests]: LocationApplicationTests does not declare any static, non-private, non-final, nested classes annotated with @Configuration.
15:04:41.935 [main] INFO org.springframework.boot.test.context.SpringBootTestContextBootstrapper -- Found @SpringBootConfiguration com.example.location.LocationApplication for test class com.example.location.LocationApplicationTests

  .   ____          _            __ _ _
 /\\ / ___'_ __ _ _(_)_ __  __ _ \ \ \ \
( ( )\___ | '_ | '_| | '_ \/ _` | \ \ \ \
 \\/  ___)| |_)| | | | | || (_| |  ) ) ) )
  '  |____| .__|_| |_|_| |_\__, | / / / /
 =========|_|==============|___/=/_/_/_/

 :: Spring Boot ::                (v3.3.1)

2024-07-09T15:04:44.003+03:00  INFO 12152 --- [location-service] [           main] c.e.location.LocationApplicationTests    : Starting LocationApplicationTests using Java 17.0.11 with PID 12152 (started by User in C:\Users\User\Desktop\Пример из задания 5.9\location)
2024-07-09T15:04:44.008+03:00  INFO 12152 --- [location-service] [           main] c.e.location.LocationApplicationTests    : No active profile set, falling back to 1 default profile: "default"
2024-07-09T15:04:46.309+03:00  INFO 12152 --- [location-service] [           main] .s.d.r.c.RepositoryConfigurationDelegate : Bootstrapping Spring Data JPA repositories in DEFAULT mode.
2024-07-09T15:04:46.673+03:00  INFO 12152 --- [location-service] [           main] .s.d.r.c.RepositoryConfigurationDelegate : Finished Spring Data repository scanning in 343 ms. Found 1 JPA repository interface.
2024-07-09T15:04:47.314+03:00  INFO 12152 --- [location-service] [           main] o.s.cloud.context.scope.GenericScope     : BeanFactory id=9e0886f7-12af-314a-851c-78d1eeb2b75e
2024-07-09T15:04:47.994+03:00  WARN 12152 --- [location-service] [           main] trationDelegate$BeanPostProcessorChecker : Bean 'org.springframework.cloud.client.loadbalancer.LoadBalancerAutoConfiguration$DeferringLoadBalancerInterceptorConfig' of type [org.springframework.cloud.client.loadbalancer.LoadBalancerAutoConfiguration$DeferringLoadBalancerInterceptorConfig] is not eligible for getting processed by all BeanPostProcessors (for example: not eligible for auto-proxying). The currently created BeanPostProcessor [lbRestClientPostProcessor] is declared through a non-static factory method on that class; consider declaring it as static instead.
2024-07-09T15:04:48.005+03:00  WARN 12152 --- [location-service] [           main] trationDelegate$BeanPostProcessorChecker : Bean 'deferringLoadBalancerInterceptor' of type [org.springframework.cloud.client.loadbalancer.DeferringLoadBalancerInterceptor] is not eligible for getting processed by all BeanPostProcessors (for example: not eligible for auto-proxying). Is this bean getting eagerly injected into a currently created BeanPostProcessor [lbRestClientPostProcessor]? Check the corresponding BeanPostProcessor declaration and its dependencies.
2024-07-09T15:04:48.829+03:00  INFO 12152 --- [location-service] [           main] o.hibernate.jpa.internal.util.LogHelper  : HHH000204: Processing PersistenceUnitInfo [name: default]
2024-07-09T15:04:49.039+03:00  INFO 12152 --- [location-service] [           main] org.hibernate.Version                    : HHH000412: Hibernate ORM core version 6.5.2.Final
2024-07-09T15:04:49.155+03:00  INFO 12152 --- [location-service] [           main] o.h.c.internal.RegionFactoryInitiator    : HHH000026: Second-level cache disabled
2024-07-09T15:04:50.016+03:00  INFO 12152 --- [location-service] [           main] o.s.o.j.p.SpringPersistenceUnitInfo      : No LoadTimeWeaver setup: ignoring JPA class transformer
2024-07-09T15:04:50.082+03:00  INFO 12152 --- [location-service] [           main] com.zaxxer.hikari.HikariDataSource       : HikariPool-1 - Starting...
2024-07-09T15:04:51.006+03:00  INFO 12152 --- [location-service] [           main] com.zaxxer.hikari.pool.HikariPool        : HikariPool-1 - Added connection conn0: url=jdbc:h2:file:./testdb user=
2024-07-09T15:04:51.016+03:00  INFO 12152 --- [location-service] [           main] com.zaxxer.hikari.HikariDataSource       : HikariPool-1 - Start completed.
2024-07-09T15:04:51.154+03:00  WARN 12152 --- [location-service] [           main] org.hibernate.orm.deprecation            : HHH90000025: H2Dialect does not need to be specified explicitly using 'hibernate.dialect' (remove the property setting and it will be selected by default)
2024-07-09T15:04:54.527+03:00  INFO 12152 --- [location-service] [           main] o.h.e.t.j.p.i.JtaPlatformInitiator       : HHH000489: No JTA platform available (set 'hibernate.transaction.jta.platform' to enable JTA platform integration)
2024-07-09T15:04:54.605+03:00  INFO 12152 --- [location-service] [           main] j.LocalContainerEntityManagerFactoryBean : Initialized JPA EntityManagerFactory for persistence unit 'default'
2024-07-09T15:04:55.953+03:00  WARN 12152 --- [location-service] [           main] JpaBaseConfiguration$JpaWebConfiguration : spring.jpa.open-in-view is enabled by default. Therefore, database queries may be performed during view rendering. Explicitly configure spring.jpa.open-in-view to disable this warning
2024-07-09T15:04:57.072+03:00  INFO 12152 --- [location-service] [           main] o.s.b.a.h2.H2ConsoleAutoConfiguration    : H2 console available at '/h2-console'. Database available at 'jdbc:h2:file:./testdb'
2024-07-09T15:04:57.547+03:00  INFO 12152 --- [location-service] [           main] DiscoveryClientOptionalArgsConfiguration : Eureka HTTP Client uses RestTemplate.
2024-07-09T15:04:57.654+03:00  WARN 12152 --- [location-service] [           main] iguration$LoadBalancerCaffeineWarnLogger : Spring Cloud LoadBalancer is currently working with the default cache. While this cache implementation is useful for development and tests, it's recommended to use Caffeine cache in production.You can switch to using Caffeine cache, by adding it and org.springframework.cache.caffeine.CaffeineCacheManager to the classpath.
2024-07-09T15:04:57.707+03:00  INFO 12152 --- [location-service] [           main] o.s.c.n.eureka.InstanceInfoFactory       : Setting initial instance status as: STARTING
2024-07-09T15:04:57.933+03:00  INFO 12152 --- [location-service] [           main] com.netflix.discovery.DiscoveryClient    : Initializing Eureka in region us-east-1
2024-07-09T15:04:57.945+03:00  INFO 12152 --- [location-service] [           main] c.n.d.s.r.aws.ConfigClusterResolver      : Resolving eureka endpoints via configuration
2024-07-09T15:04:58.002+03:00  INFO 12152 --- [location-service] [           main] com.netflix.discovery.DiscoveryClient    : Disable delta property : false
2024-07-09T15:04:58.002+03:00  INFO 12152 --- [location-service] [           main] com.netflix.discovery.DiscoveryClient    : Single vip registry refresh property : null
2024-07-09T15:04:58.002+03:00  INFO 12152 --- [location-service] [           main] com.netflix.discovery.DiscoveryClient    : Force full registry fetch : false
2024-07-09T15:04:58.002+03:00  INFO 12152 --- [location-service] [           main] com.netflix.discovery.DiscoveryClient    : Application is null : false
2024-07-09T15:04:58.003+03:00  INFO 12152 --- [location-service] [           main] com.netflix.discovery.DiscoveryClient    : Registered Applications size is zero : true
2024-07-09T15:04:58.003+03:00  INFO 12152 --- [location-service] [           main] com.netflix.discovery.DiscoveryClient    : Application version is -1: true
2024-07-09T15:04:58.003+03:00  INFO 12152 --- [location-service] [           main] com.netflix.discovery.DiscoveryClient    : Getting all instance registry info from the eureka server
2024-07-09T15:04:59.101+03:00  INFO 12152 --- [location-service] [           main] com.netflix.discovery.DiscoveryClient    : The response status is 200
2024-07-09T15:04:59.111+03:00  INFO 12152 --- [location-service] [           main] com.netflix.discovery.DiscoveryClient    : Starting heartbeat executor: renew interval is: 30
2024-07-09T15:04:59.117+03:00  INFO 12152 --- [location-service] [           main] c.n.discovery.InstanceInfoReplicator     : InstanceInfoReplicator onDemand update allowed rate per min is 4
2024-07-09T15:04:59.131+03:00  INFO 12152 --- [location-service] [           main] com.netflix.discovery.DiscoveryClient    : Discovery Client initialized at timestamp 1720526699129 with initial instances count: 1
2024-07-09T15:04:59.142+03:00  INFO 12152 --- [location-service] [           main] o.s.c.n.e.s.EurekaServiceRegistry        : Registering application LOCATION-SERVICE with eureka with status UP
2024-07-09T15:04:59.143+03:00  INFO 12152 --- [location-service] [           main] com.netflix.discovery.DiscoveryClient    : Saw local status change event StatusChangeEvent [timestamp=1720526699143, current=UP, previous=STARTING]
2024-07-09T15:04:59.160+03:00  INFO 12152 --- [location-service] [nfoReplicator-0] com.netflix.discovery.DiscoveryClient    : DiscoveryClient_LOCATION-SERVICE/DESKTOP-LPNE7SV:location-service:8083: registering service...
2024-07-09T15:04:59.189+03:00  INFO 12152 --- [location-service] [           main] c.e.location.LocationApplicationTests    : Started LocationApplicationTests in 16.546 seconds (process running for 22.118)
2024-07-09T15:04:59.277+03:00  INFO 12152 --- [location-service] [nfoReplicator-0] com.netflix.discovery.DiscoveryClient    : DiscoveryClient_LOCATION-SERVICE/DESKTOP-LPNE7SV:location-service:8083 - registration status: 204
]]></system-out>
  </testcase>
</testsuite>